{"C:\\Users\\Usuario\\Desktop\\Julian\\Workspace\\wn\\backend\\src\\users\\auth.js": {"path":"C:\\Users\\Usuario\\Desktop\\Julian\\Workspace\\wn\\backend\\src\\users\\auth.js","statementMap":{"0":{"start":{"line":4,"column":16},"end":{"line":4,"column":34}},"1":{"start":{"line":5,"column":15},"end":{"line":5,"column":32}},"2":{"start":{"line":6,"column":12},"end":{"line":6,"column":35}},"3":{"start":{"line":7,"column":35},"end":{"line":7,"column":63}},"4":{"start":{"line":8,"column":18},"end":{"line":8,"column":42}},"5":{"start":{"line":10,"column":15},"end":{"line":10,"column":31}},"6":{"start":{"line":15,"column":2},"end":{"line":22,"column":4}},"7":{"start":{"line":16,"column":4},"end":{"line":16,"column":68}},"8":{"start":{"line":16,"column":46},"end":{"line":16,"column":65}},"9":{"start":{"line":17,"column":19},"end":{"line":17,"column":40}},"10":{"start":{"line":18,"column":4},"end":{"line":20,"column":5}},"11":{"start":{"line":19,"column":6},"end":{"line":19,"column":62}},"12":{"start":{"line":21,"column":4},"end":{"line":21,"column":11}},"13":{"start":{"line":26,"column":27},"end":{"line":37,"column":1}},"14":{"start":{"line":39,"column":0},"end":{"line":48,"column":3}},"15":{"start":{"line":40,"column":38},"end":{"line":40,"column":46}},"16":{"start":{"line":41,"column":2},"end":{"line":43,"column":3}},"17":{"start":{"line":41,"column":22},"end":{"line":41,"column":45}},"18":{"start":{"line":42,"column":4},"end":{"line":42,"column":70}},"19":{"start":{"line":44,"column":15},"end":{"line":44,"column":46}},"20":{"start":{"line":45,"column":15},"end":{"line":45,"column":74}},"21":{"start":{"line":46,"column":2},"end":{"line":46,"column":19}},"22":{"start":{"line":47,"column":2},"end":{"line":47,"column":68}},"23":{"start":{"line":51,"column":24},"end":{"line":58,"column":1}},"24":{"start":{"line":60,"column":0},"end":{"line":72,"column":3}},"25":{"start":{"line":61,"column":33},"end":{"line":61,"column":41}},"26":{"start":{"line":62,"column":15},"end":{"line":62,"column":55}},"27":{"start":{"line":62,"column":31},"end":{"line":62,"column":54}},"28":{"start":{"line":63,"column":2},"end":{"line":65,"column":3}},"29":{"start":{"line":64,"column":4},"end":{"line":64,"column":66}},"30":{"start":{"line":66,"column":16},"end":{"line":66,"column":61}},"31":{"start":{"line":67,"column":2},"end":{"line":69,"column":3}},"32":{"start":{"line":68,"column":4},"end":{"line":68,"column":66}},"33":{"start":{"line":70,"column":16},"end":{"line":70,"column":131}},"34":{"start":{"line":71,"column":2},"end":{"line":71,"column":22}},"35":{"start":{"line":74,"column":0},"end":{"line":74,"column":24}}},"fnMap":{"0":{"name":"validate","decl":{"start":{"line":14,"column":9},"end":{"line":14,"column":17}},"loc":{"start":{"line":14,"column":25},"end":{"line":23,"column":1}},"line":14},"1":{"name":"(anonymous_1)","decl":{"start":{"line":15,"column":9},"end":{"line":15,"column":10}},"loc":{"start":{"line":15,"column":35},"end":{"line":22,"column":3}},"line":15},"2":{"name":"(anonymous_2)","decl":{"start":{"line":16,"column":32},"end":{"line":16,"column":33}},"loc":{"start":{"line":16,"column":46},"end":{"line":16,"column":65}},"line":16},"3":{"name":"(anonymous_3)","decl":{"start":{"line":39,"column":55},"end":{"line":39,"column":56}},"loc":{"start":{"line":39,"column":75},"end":{"line":48,"column":1}},"line":39},"4":{"name":"(anonymous_4)","decl":{"start":{"line":41,"column":17},"end":{"line":41,"column":18}},"loc":{"start":{"line":41,"column":22},"end":{"line":41,"column":45}},"line":41},"5":{"name":"(anonymous_5)","decl":{"start":{"line":60,"column":49},"end":{"line":60,"column":50}},"loc":{"start":{"line":60,"column":69},"end":{"line":72,"column":1}},"line":60},"6":{"name":"(anonymous_6)","decl":{"start":{"line":62,"column":26},"end":{"line":62,"column":27}},"loc":{"start":{"line":62,"column":31},"end":{"line":62,"column":54}},"line":62}},"branchMap":{"0":{"loc":{"start":{"line":18,"column":4},"end":{"line":20,"column":5}},"type":"if","locations":[{"start":{"line":18,"column":4},"end":{"line":20,"column":5}},{"start":{},"end":{}}],"line":18},"1":{"loc":{"start":{"line":41,"column":2},"end":{"line":43,"column":3}},"type":"if","locations":[{"start":{"line":41,"column":2},"end":{"line":43,"column":3}},{"start":{},"end":{}}],"line":41},"2":{"loc":{"start":{"line":63,"column":2},"end":{"line":65,"column":3}},"type":"if","locations":[{"start":{"line":63,"column":2},"end":{"line":65,"column":3}},{"start":{},"end":{}}],"line":63},"3":{"loc":{"start":{"line":67,"column":2},"end":{"line":69,"column":3}},"type":"if","locations":[{"start":{"line":67,"column":2},"end":{"line":69,"column":3}},{"start":{},"end":{}}],"line":67},"4":{"loc":{"start":{"line":70,"column":71},"end":{"line":70,"column":109}},"type":"binary-expr","locations":[{"start":{"line":70,"column":71},"end":{"line":70,"column":93}},{"start":{"line":70,"column":97},"end":{"line":70,"column":109}}],"line":70}},"s":{"0":1,"1":1,"2":1,"3":1,"4":1,"5":1,"6":2,"7":7,"8":19,"9":7,"10":7,"11":0,"12":7,"13":1,"14":1,"15":5,"16":5,"17":8,"18":1,"19":4,"20":4,"21":4,"22":4,"23":1,"24":1,"25":2,"26":2,"27":7,"28":2,"29":0,"30":2,"31":2,"32":1,"33":1,"34":1,"35":1},"f":{"0":2,"1":7,"2":19,"3":5,"4":8,"5":2,"6":7},"b":{"0":[0,7],"1":[1,4],"2":[0,2],"3":[1,1],"4":[1,1]},"_coverageSchema":"1a1c01bbd47fc00a2c39e90264f33305004495a9","hash":"d629ca8969d5d4a68d4c5ace0d8e9d4187aa0063"}
,"C:\\Users\\Usuario\\Desktop\\Julian\\Workspace\\wn\\backend\\src\\users\\user.js": {"path":"C:\\Users\\Usuario\\Desktop\\Julian\\Workspace\\wn\\backend\\src\\users\\user.js","statementMap":{"0":{"start":{"line":5,"column":15},"end":{"line":5,"column":32}},"1":{"start":{"line":6,"column":14},"end":{"line":6,"column":16}},"2":{"start":{"line":9,"column":15},"end":{"line":9,"column":46}},"3":{"start":{"line":10,"column":15},"end":{"line":10,"column":55}},"4":{"start":{"line":11,"column":2},"end":{"line":11,"column":19}},"5":{"start":{"line":12,"column":2},"end":{"line":12,"column":14}},"6":{"start":{"line":16,"column":15},"end":{"line":16,"column":55}},"7":{"start":{"line":16,"column":31},"end":{"line":16,"column":54}},"8":{"start":{"line":17,"column":2},"end":{"line":17,"column":26}},"9":{"start":{"line":17,"column":13},"end":{"line":17,"column":26}},"10":{"start":{"line":18,"column":16},"end":{"line":18,"column":61}},"11":{"start":{"line":19,"column":2},"end":{"line":19,"column":30}},"12":{"start":{"line":22,"column":0},"end":{"line":22,"column":59}}},"fnMap":{"0":{"name":"registerUser","decl":{"start":{"line":8,"column":15},"end":{"line":8,"column":27}},"loc":{"start":{"line":8,"column":48},"end":{"line":13,"column":1}},"line":8},"1":{"name":"authenticateUser","decl":{"start":{"line":15,"column":15},"end":{"line":15,"column":31}},"loc":{"start":{"line":15,"column":52},"end":{"line":20,"column":1}},"line":15},"2":{"name":"(anonymous_2)","decl":{"start":{"line":16,"column":26},"end":{"line":16,"column":27}},"loc":{"start":{"line":16,"column":31},"end":{"line":16,"column":54}},"line":16}},"branchMap":{"0":{"loc":{"start":{"line":17,"column":2},"end":{"line":17,"column":26}},"type":"if","locations":[{"start":{"line":17,"column":2},"end":{"line":17,"column":26}},{"start":{},"end":{}}],"line":17},"1":{"loc":{"start":{"line":19,"column":9},"end":{"line":19,"column":29}},"type":"cond-expr","locations":[{"start":{"line":19,"column":17},"end":{"line":19,"column":21}},{"start":{"line":19,"column":24},"end":{"line":19,"column":29}}],"line":19}},"s":{"0":1,"1":1,"2":0,"3":0,"4":0,"5":0,"6":0,"7":0,"8":0,"9":0,"10":0,"11":0,"12":1},"f":{"0":0,"1":0,"2":0},"b":{"0":[0,0],"1":[0,0]},"_coverageSchema":"1a1c01bbd47fc00a2c39e90264f33305004495a9","hash":"cd7fcfb27d83cb7bae994a310336246d4ae5be4e"}
}
