TN:
SF:src\users\auth.js
FN:14,validate
FN:15,(anonymous_1)
FN:16,(anonymous_2)
FN:39,(anonymous_3)
FN:41,(anonymous_4)
FN:60,(anonymous_5)
FN:62,(anonymous_6)
FNF:7
FNH:7
FNDA:2,validate
FNDA:7,(anonymous_1)
FNDA:19,(anonymous_2)
FNDA:5,(anonymous_3)
FNDA:8,(anonymous_4)
FNDA:2,(anonymous_5)
FNDA:7,(anonymous_6)
DA:4,1
DA:5,1
DA:6,1
DA:7,1
DA:8,1
DA:10,1
DA:15,2
DA:16,19
DA:17,7
DA:18,7
DA:19,0
DA:21,7
DA:26,1
DA:39,1
DA:40,5
DA:41,8
DA:42,1
DA:44,4
DA:45,4
DA:46,4
DA:47,4
DA:51,1
DA:60,1
DA:61,2
DA:62,7
DA:63,2
DA:64,0
DA:66,2
DA:67,2
DA:68,1
DA:70,1
DA:71,1
DA:74,1
LF:33
LH:31
BRDA:18,0,0,0
BRDA:18,0,1,7
BRDA:41,1,0,1
BRDA:41,1,1,4
BRDA:63,2,0,0
BRDA:63,2,1,2
BRDA:67,3,0,1
BRDA:67,3,1,1
BRDA:70,4,0,1
BRDA:70,4,1,1
BRF:10
BRH:8
end_of_record
TN:
SF:src\users\user.js
FN:8,registerUser
FN:15,authenticateUser
FN:16,(anonymous_2)
FNF:3
FNH:0
FNDA:0,registerUser
FNDA:0,authenticateUser
FNDA:0,(anonymous_2)
DA:5,1
DA:6,1
DA:9,0
DA:10,0
DA:11,0
DA:12,0
DA:16,0
DA:17,0
DA:18,0
DA:19,0
DA:22,1
LF:11
LH:3
BRDA:17,0,0,0
BRDA:17,0,1,0
BRDA:19,1,0,0
BRDA:19,1,1,0
BRF:4
BRH:0
end_of_record
